<?xml version="1.0" encoding="UTF-8"?>
<Site BuildName="(empty)"
	BuildStamp="20240927-0659-Experimental"
	Name="jmj-MS-7C67"
	Generator="ctest-3.16.3"
	CompilerName="/usr/bin/g++"
	CompilerVersion="9.4.0"
	OSName="Linux"
	Hostname="jmj-MS-7C67"
	OSRelease="5.15.0-122-generic"
	OSVersion="#132~20.04.1-Ubuntu SMP Fri Aug 30 15:50:07 UTC 2024"
	OSPlatform="x86_64"
	Is64Bits="1"
	VendorString="GenuineIntel"
	VendorID="Intel Corporation"
	FamilyID="6"
	ModelID="158"
	ProcessorCacheSize="12288"
	NumberOfLogicalCPU="8"
	NumberOfPhysicalCPU="8"
	TotalVirtualMemory="2047"
	TotalPhysicalMemory="15929"
	LogicalProcessorsPerPhysical="1"
	ProcessorClockFrequency="4600.02"
	>
	<Testing>
		<StartDateTime>Sep 27 15:59 KST</StartDateTime>
		<StartTestTime>1727420387</StartTestTime>
		<TestList/>
		<EndDateTime>Sep 27 15:59 KST</EndDateTime>
		<EndTestTime>1727420387</EndTestTime>
		<ElapsedMinutes>0</ElapsedMinutes>
	</Testing>
</Site>
