<?xml version="1.0" encoding="UTF-8"?>
<Site BuildName="(empty)"
	BuildStamp="20240920-0436-Experimental"
	Name="jmj-MS-7C67"
	Generator="ctest-3.16.3"
	CompilerName="/usr/bin/g++"
	CompilerVersion="9.4.0"
	OSName="Linux"
	Hostname="jmj-MS-7C67"
	OSRelease="5.15.0-119-generic"
	OSVersion="#129~20.04.1-Ubuntu SMP Wed Aug 7 13:07:13 UTC 2024"
	OSPlatform="x86_64"
	Is64Bits="1"
	VendorString="GenuineIntel"
	VendorID="Intel Corporation"
	FamilyID="6"
	ModelID="158"
	ProcessorCacheSize="12288"
	NumberOfLogicalCPU="8"
	NumberOfPhysicalCPU="8"
	TotalVirtualMemory="2047"
	TotalPhysicalMemory="15929"
	LogicalProcessorsPerPhysical="1"
	ProcessorClockFrequency="4600"
	>
	<Testing>
		<StartDateTime>Sep 20 15:04 KST</StartDateTime>
		<StartTestTime>1726812241</StartTestTime>
		<TestList/>
		<EndDateTime>Sep 20 15:04 KST</EndDateTime>
		<EndTestTime>1726812241</EndTestTime>
		<ElapsedMinutes>0</ElapsedMinutes>
	</Testing>
</Site>
